2021-08-18 15:07:56,417 INFO com.fdmgroup.QProductApi.QProductApiApplication [restartedMain] Starting QProductApiApplication using Java 16.0.2 on DESKTOP-HE3OIEH with PID 13712 (C:\Users\xavie\Documents\Eclipse2021b\QProductApi\target\classes started by xavie in C:\Users\xavie\Documents\Eclipse2021b\QProductApi)
2021-08-18 15:07:56,467 INFO com.fdmgroup.QProductApi.QProductApiApplication [restartedMain] No active profile set, falling back to default profiles: default
2021-08-18 15:07:56,587 INFO org.springframework.boot.devtools.env.DevToolsPropertyDefaultsPostProcessor [restartedMain] Devtools property defaults active! Set 'spring.devtools.add-properties' to 'false' to disable
2021-08-18 15:07:56,588 INFO org.springframework.boot.devtools.env.DevToolsPropertyDefaultsPostProcessor [restartedMain] For additional web related logging consider setting the 'logging.level.web' property to 'DEBUG'
2021-08-18 15:07:57,891 INFO org.springframework.data.repository.config.RepositoryConfigurationDelegate [restartedMain] Bootstrapping Spring Data JPA repositories in DEFAULT mode.
2021-08-18 15:07:58,081 INFO org.springframework.data.repository.config.RepositoryConfigurationDelegate [restartedMain] Finished Spring Data repository scanning in 175 ms. Found 1 JPA repository interfaces.
2021-08-18 15:07:59,247 INFO org.springframework.boot.web.embedded.tomcat.TomcatWebServer [restartedMain] Tomcat initialized with port(s): 8030 (http)
2021-08-18 15:07:59,263 INFO org.apache.catalina.core.StandardService [restartedMain] Starting service [Tomcat]
2021-08-18 15:07:59,264 INFO org.apache.catalina.core.StandardEngine [restartedMain] Starting Servlet engine: [Apache Tomcat/9.0.48]
2021-08-18 15:07:59,493 INFO org.apache.catalina.core.ContainerBase.[Tomcat].[localhost].[/] [restartedMain] Initializing Spring embedded WebApplicationContext
2021-08-18 15:07:59,493 INFO org.springframework.boot.web.servlet.context.ServletWebServerApplicationContext [restartedMain] Root WebApplicationContext: initialization completed in 2889 ms
2021-08-18 15:07:59,550 INFO com.zaxxer.hikari.HikariDataSource [restartedMain] HikariPool-1 - Starting...
2021-08-18 15:07:59,987 INFO com.zaxxer.hikari.HikariDataSource [restartedMain] HikariPool-1 - Start completed.
2021-08-18 15:07:59,995 INFO org.springframework.boot.autoconfigure.h2.H2ConsoleAutoConfiguration [restartedMain] H2 console available at '/h2-console'. Database available at 'jdbc:h2:file:C:/Users/xavie/Documents/JDBC_Server/h2c'
2021-08-18 15:08:00,260 INFO org.hibernate.jpa.internal.util.LogHelper [restartedMain] HHH000204: Processing PersistenceUnitInfo [name: default]
2021-08-18 15:08:00,356 INFO org.hibernate.Version [restartedMain] HHH000412: Hibernate ORM core version 5.4.32.Final
2021-08-18 15:08:00,536 INFO org.hibernate.annotations.common.Version [restartedMain] HCANN000001: Hibernate Commons Annotations {5.1.2.Final}
2021-08-18 15:08:00,688 INFO org.hibernate.dialect.Dialect [restartedMain] HHH000400: Using dialect: org.hibernate.dialect.H2Dialect
2021-08-18 15:08:01,464 INFO org.hibernate.engine.transaction.jta.platform.internal.JtaPlatformInitiator [restartedMain] HHH000490: Using JtaPlatform implementation: [org.hibernate.engine.transaction.jta.platform.internal.NoJtaPlatform]
2021-08-18 15:08:01,478 INFO org.springframework.orm.jpa.LocalContainerEntityManagerFactoryBean [restartedMain] Initialized JPA EntityManagerFactory for persistence unit 'default'
2021-08-18 15:08:02,204 WARN org.springframework.boot.autoconfigure.orm.jpa.JpaBaseConfiguration$JpaWebConfiguration [restartedMain] spring.jpa.open-in-view is enabled by default. Therefore, database queries may be performed during view rendering. Explicitly configure spring.jpa.open-in-view to disable this warning
2021-08-18 15:08:05,008 INFO org.springframework.boot.web.embedded.tomcat.TomcatWebServer [restartedMain] Tomcat started on port(s): 8030 (http) with context path ''
2021-08-18 15:08:05,030 INFO com.fdmgroup.QProductApi.QProductApiApplication [restartedMain] Started QProductApiApplication in 9.238 seconds (JVM running for 10.131)
2021-08-18 15:08:42,555 INFO com.fdmgroup.QProductApi.QProductApiApplication [restartedMain] Starting QProductApiApplication using Java 16.0.2 on DESKTOP-HE3OIEH with PID 14172 (C:\Users\xavie\Documents\Eclipse2021b\QProductApi\target\classes started by xavie in C:\Users\xavie\Documents\Eclipse2021b\QProductApi)
2021-08-18 15:08:42,565 INFO com.fdmgroup.QProductApi.QProductApiApplication [restartedMain] No active profile set, falling back to default profiles: default
2021-08-18 15:08:42,734 INFO org.springframework.boot.devtools.env.DevToolsPropertyDefaultsPostProcessor [restartedMain] Devtools property defaults active! Set 'spring.devtools.add-properties' to 'false' to disable
2021-08-18 15:08:42,734 INFO org.springframework.boot.devtools.env.DevToolsPropertyDefaultsPostProcessor [restartedMain] For additional web related logging consider setting the 'logging.level.web' property to 'DEBUG'
2021-08-18 15:08:44,233 INFO org.springframework.data.repository.config.RepositoryConfigurationDelegate [restartedMain] Bootstrapping Spring Data JPA repositories in DEFAULT mode.
2021-08-18 15:08:44,439 INFO org.springframework.data.repository.config.RepositoryConfigurationDelegate [restartedMain] Finished Spring Data repository scanning in 189 ms. Found 1 JPA repository interfaces.
2021-08-18 15:08:45,803 INFO org.springframework.boot.web.embedded.tomcat.TomcatWebServer [restartedMain] Tomcat initialized with port(s): 8030 (http)
2021-08-18 15:08:45,820 INFO org.apache.catalina.core.StandardService [restartedMain] Starting service [Tomcat]
2021-08-18 15:08:45,821 INFO org.apache.catalina.core.StandardEngine [restartedMain] Starting Servlet engine: [Apache Tomcat/9.0.48]
2021-08-18 15:08:46,053 INFO org.apache.catalina.core.ContainerBase.[Tomcat].[localhost].[/] [restartedMain] Initializing Spring embedded WebApplicationContext
2021-08-18 15:08:46,054 INFO org.springframework.boot.web.servlet.context.ServletWebServerApplicationContext [restartedMain] Root WebApplicationContext: initialization completed in 3319 ms
2021-08-18 15:08:46,125 INFO com.zaxxer.hikari.HikariDataSource [restartedMain] HikariPool-1 - Starting...
2021-08-18 15:08:46,306 INFO com.zaxxer.hikari.HikariDataSource [restartedMain] HikariPool-1 - Start completed.
2021-08-18 15:08:46,317 INFO org.springframework.boot.autoconfigure.h2.H2ConsoleAutoConfiguration [restartedMain] H2 console available at '/h2-console'. Database available at 'jdbc:h2:file:C:/Users/xavie/Documents/JDBC_Server/h2c'
2021-08-18 15:08:46,590 INFO org.hibernate.jpa.internal.util.LogHelper [restartedMain] HHH000204: Processing PersistenceUnitInfo [name: default]
2021-08-18 15:08:46,702 INFO org.hibernate.Version [restartedMain] HHH000412: Hibernate ORM core version 5.4.32.Final
2021-08-18 15:08:46,911 INFO org.hibernate.annotations.common.Version [restartedMain] HCANN000001: Hibernate Commons Annotations {5.1.2.Final}
2021-08-18 15:08:47,091 INFO org.hibernate.dialect.Dialect [restartedMain] HHH000400: Using dialect: org.hibernate.dialect.H2Dialect
2021-08-18 15:08:47,898 INFO org.hibernate.engine.transaction.jta.platform.internal.JtaPlatformInitiator [restartedMain] HHH000490: Using JtaPlatform implementation: [org.hibernate.engine.transaction.jta.platform.internal.NoJtaPlatform]
2021-08-18 15:08:47,915 INFO org.springframework.orm.jpa.LocalContainerEntityManagerFactoryBean [restartedMain] Initialized JPA EntityManagerFactory for persistence unit 'default'
2021-08-18 15:08:48,735 WARN org.springframework.boot.autoconfigure.orm.jpa.JpaBaseConfiguration$JpaWebConfiguration [restartedMain] spring.jpa.open-in-view is enabled by default. Therefore, database queries may be performed during view rendering. Explicitly configure spring.jpa.open-in-view to disable this warning
2021-08-18 15:08:50,751 WARN org.springframework.boot.web.servlet.context.AnnotationConfigServletWebServerApplicationContext [restartedMain] Exception encountered during context initialization - cancelling refresh attempt: org.springframework.context.ApplicationContextException: Failed to start bean 'webServerStartStop'; nested exception is org.springframework.boot.web.server.PortInUseException: Port 8030 is already in use
2021-08-18 15:08:50,778 INFO org.springframework.orm.jpa.LocalContainerEntityManagerFactoryBean [restartedMain] Closing JPA EntityManagerFactory for persistence unit 'default'
2021-08-18 15:08:50,785 INFO com.zaxxer.hikari.HikariDataSource [restartedMain] HikariPool-1 - Shutdown initiated...
2021-08-18 15:08:50,810 INFO com.zaxxer.hikari.HikariDataSource [restartedMain] HikariPool-1 - Shutdown completed.
2021-08-18 15:08:50,813 INFO org.apache.catalina.core.StandardService [restartedMain] Stopping service [Tomcat]
2021-08-18 15:08:50,831 INFO org.springframework.boot.autoconfigure.logging.ConditionEvaluationReportLoggingListener [restartedMain] 

Error starting ApplicationContext. To display the conditions report re-run your application with 'debug' enabled.
2021-08-18 15:08:50,896 ERROR org.springframework.boot.diagnostics.LoggingFailureAnalysisReporter [restartedMain] 

***************************
APPLICATION FAILED TO START
***************************

Description:

Web server failed to start. Port 8030 was already in use.

Action:

Identify and stop the process that's listening on port 8030 or configure this application to listen on another port.

2021-08-18 15:09:06,806 INFO org.apache.catalina.core.ContainerBase.[Tomcat].[localhost].[/] [http-nio-8030-exec-1] Initializing Spring DispatcherServlet 'dispatcherServlet'
2021-08-18 15:09:06,806 INFO org.springframework.web.servlet.DispatcherServlet [http-nio-8030-exec-1] Initializing Servlet 'dispatcherServlet'
2021-08-18 15:09:06,808 INFO org.springframework.web.servlet.DispatcherServlet [http-nio-8030-exec-1] Completed initialization in 1 ms
